// MAPINFO for No Rest for the Living.

episode NRV01
{
	name = "No Rest for the Living"
	key = "N"
}

map NRV01 "The Earth Base"
{
	next = "NRV02"
	secretnext = "NRV02"
	sky1 = "SKY1"
	cluster = 50
	par = 75
	music = "D_MESSAG"
	exitpic = "MNTERPIC"
	enterpic = "MNTERPIC"
}

map NRV02 "The Pain Labs"
{
	next = "NRV03"
	secretnext = "NRV03"
	sky1 = "SKY1"
	cluster = 50
	par = 105
	music = "D_DDTBLU"
	exitpic = "MNTERPIC"
	enterpic = "MNTERPIC"
}

map NRV03 "Canyon of the Dead"
{
	next = "NRV04"
	secretnext = "NRV04"
	sky1 = "SKY1"
	cluster = 50
	par = 120
	music = "D_DEAD"
	exitpic = "MNTERPIC"
	enterpic = "MNTERPIC"
}

map NRV04 "Hell Mountain"
{
	next = "NRV05"
	secretnext = "NRV09"
	sky1 = "SKY1"
	cluster = 50
	par = 105
	music = "D_SHAWN"
	exitpic = "MNTERPIC"
	enterpic = "MNTERPIC"
}

map NRV05 "Vivisection"
{
	next = "NRV06"
	secretnext = "NRV06"
	sky1 = "SKY1"
	cluster = 50
	par = 210
	music = "D_IN_CIT"
	exitpic = "MNTERPIC"
	enterpic = "MNTERPIC"
}

map NRV06 "Inferno of Blood"
{
	next = "NRV07"
	secretnext = "NRV07"
	sky1 = "SKY1"
	cluster = 50
	par = 105
	music = "D_THE_DA"
	exitpic = "MNTERPIC"
	enterpic = "MNTERPIC"
}

map NRV07 "Baron's Banquet"
{
	next = "NRV08"
	secretnext = "NRV08"
	sky1 = "SKY1"
	cluster = 50
	par = 165
	music = "D_IN_CIT"
	exitpic = "MNTERPIC"
	enterpic = "MNTERPIC"
}

map NRV08 "Tomb of Malevolence"
{
	next = "EndGameC"
	secretnext = "EndGameC"
	sky1 = "SKY1"
	cluster = 50
	par = 105
	music = "D_SHAWN"
	exitpic = "MNTERPIC"
	enterpic = "MNTERPIC"
}

map NRV09 "March of the Demons"
{
	next = "NRV05"
	secretnext = "NRV05"
	sky1 = "SKY1"
	cluster = 50
	par = 135
	music = "D_DDTBLU"
	exitpic = "MNTERPIC"
	enterpic = "MNTERPIC"
}

cluster 50
{
	flat = "SLIME16"
    music = "d_read_m"
    ExitText = "TROUBLE WAS BREWING AGAIN IN YOUR FAVORITE","VACATION SPOT... HELL. SOME CYBERDEMON","PUNK THOUGHT HE COULD TURN HELL INTO A","PERSONAL AMUSEMENT PARK, AND MAKE EARTH","THE TICKET BOOTH.","","WELL THAT HALF-ROBOT FREAK SHOW DIDN'T","KNOW WHO WAS COMING TO THE FAIR. THERE'S","NOTHING LIKE A SHOOTING GALLERY FULL OF","HELLSPAWN TO GET THE BLOOD PUMPING...","","NOW THE WALLS OF THE DEMON'S LABYRINTH","ECHO WITH THE SOUND OF HIS METALLIC LIMBS","HITTING THE FLOOR. HIS DEATH MOAN GURGLES","OUT THROUGH THE MESS YOU LEFT OF HIS FACE.","","THIS RIDE IS CLOSED."
}
