//Add Extra Help Screen and things from Doom 1
Gameinfo
{
	creditpage = "D1CREDIT","CREDIT"
	infopage = "HELP1","HELP"
	drawreadthis = true
	quitsound = "menu/quit"
	quitmessages = 	"$QUITMSG", "$QUITMSG1", "$QUITMSG2", "$QUITMSG3", "$QUITMSG4", "$QUITMSG5", "$QUITMSG6", "$QUITMSG7",
					"$QUITMSG", "$QUITMSG1", "$QUITMSG2", "$QUITMSG3", "$QUITMSG4", "$QUITMSG5", "$QUITMSG6", "$QUITMSG7",
				   	"$QUITMSG8", "$QUITMSG9", "$QUITMSG10", "$QUITMSG11", "$QUITMSG12", "$QUITMSG13", "$QUITMSG14"

}

//Episodes
clearepisodes
episode e1m1
{
	//picname = "M_EPI1"
	name = "Knee-Deep in the Dead"
	key = "k"
}

episode e2m1
{
	//picname = "M_EPI2"
	name = "The Shores of Hell"
	key = "s"
}

episode e3m1
{
	//picname = "M_EPI3"
	name = "Inferno"
	key = "i"
}

episode e4m1
{
	//picname = "M_EPI4"
	name = "Thy Flesh Consumed"
	key = "t"
	optional
}

episode map01
{
	name = "Hell On Earth"
	key = "h"
}

map E1M1 lookup "HUSTR_E1M1"
{
	levelnum = 1
	next = "E1M2"
	secretnext = "E1M9"
	sky1 = "D1SKY1"
	cluster = 1
	par = 30
	music = "$MUSIC_E1M1"
	exitpic = "$IN_E1"
	enterpic = "$IN_E1"
	InterMusic = "D_INTER"
	BorderTexture = "FLOOR7_2"
}

map E1M2 lookup "HUSTR_E1M2"
{
	levelnum = 2
	next = "E1M3"
	secretnext = "E1M9"
	sky1 = "D1SKY1"
	cluster = 1
	par = 75
	music = "$MUSIC_E1M2"
	exitpic = "$IN_E1"
	enterpic = "$IN_E1"
	InterMusic = "D_INTER"
	BorderTexture = "FLOOR7_2"
}

map E1M3 lookup "HUSTR_E1M3"
{
	levelnum = 3
	next = "E1M4"
	secretnext = "E1M9"
	sky1 = "D1SKY1"
	cluster = 1
	par = 120
	music = "$MUSIC_E1M3"
	exitpic = "$IN_E1"
	enterpic = "$IN_E1"
	InterMusic = "D_INTER"
	BorderTexture = "FLOOR7_2"
}

map E1M4 lookup "HUSTR_E1M4"
{
	levelnum = 4
	next = "E1M5"
	secretnext = "E1M9"
	sky1 = "D1SKY1"
	cluster = 1
	par = 90
	music = "$MUSIC_E1M4"
	exitpic = "$IN_E1"
	enterpic = "$IN_E1"
	InterMusic = "D_INTER"
	BorderTexture = "FLOOR7_2"
}

map E1M5 lookup "HUSTR_E1M5"
{
	levelnum = 5
	next = "E1M6"
	secretnext = "E1M9"
	sky1 = "D1SKY1"
	cluster = 1
	par = 165
	music = "$MUSIC_E1M5"
	exitpic = "$IN_E1"
	enterpic = "$IN_E1"
	InterMusic = "D_INTER"
	BorderTexture = "FLOOR7_2"
}

map E1M6 lookup "HUSTR_E1M6"
{
	levelnum = 6
	next = "E1M7"
	secretnext = "E1M9"
	sky1 = "D1SKY1"
	cluster = 1
	par = 180
	music = "$MUSIC_E1M6"
	exitpic = "$IN_E1"
	enterpic = "$IN_E1"
	InterMusic = "D_INTER"
	BorderTexture = "FLOOR7_2"
}

map E1M7 lookup "HUSTR_E1M7"
{
	levelnum = 7
	next = "E1M8"
	secretnext = "E1M9"
	sky1 = "D1SKY1"
	cluster = 1
	par = 180
	music = "$MUSIC_E1M7"
	exitpic = "$IN_E1"
	enterpic = "$IN_E1"
	InterMusic = "D_INTER"
	BorderTexture = "FLOOR7_2"
}

map E1M8 lookup "HUSTR_E1M8"
{
	levelnum = 8
	next = "EndGame1"
	secretnext = "E1M9"
	sky1 = "D1SKY1"
	cluster = 1
	par = 30
	nointermission
	nosoundclipping
	baronspecial
	specialaction_lowerfloor
	music = "$MUSIC_E1M8"
	exitpic = "$IN_E1"
	enterpic = "$IN_E1"
	InterMusic = "D_INTER"
	BorderTexture = "FLOOR7_2"
}

map E1M9 lookup "HUSTR_E1M9"
{
	levelnum = 9
	next = "E1M4"
	secretnext = "E1M4"
	sky1 = "D1SKY1"
	cluster = 1
	par = 165
	music = "$MUSIC_E1M9"
	exitpic = "$IN_E1"
	enterpic = "$IN_E1"
	InterMusic = "D_INTER"
	BorderTexture = "FLOOR7_2"
}

// Registered/Retail Episode 2

map E2M1 lookup "HUSTR_E2M1"
{
	levelnum = 11
	next = "E2M2"
	secretnext = "E2M9"
	sky1 = "D1SKY2"
	cluster = 2
	par = 90
	music = "$MUSIC_E2M1"
	exitpic = "$IN_E2"
	enterpic = "$IN_E2"
	InterMusic = "D_INTER"
	BorderTexture = "FLOOR7_2"
}

map E2M2 lookup "HUSTR_E2M2"
{
	levelnum = 12
	next = "E2M3"
	secretnext = "E2M9"
	sky1 = "D1SKY2"
	cluster = 2
	par = 90
	music = "$MUSIC_E2M2"
	exitpic = "$IN_E2"
	enterpic = "$IN_E2"
	InterMusic = "D_INTER"
	BorderTexture = "FLOOR7_2"
}

map E2M3 lookup "HUSTR_E2M3"
{
	levelnum = 13
	next = "E2M4"
	secretnext = "E2M9"
	sky1 = "D1SKY2"
	cluster = 2
	par = 90
	music = "$MUSIC_E2M3"
	exitpic = "$IN_E2"
	enterpic = "$IN_E2"
	InterMusic = "D_INTER"
	BorderTexture = "FLOOR7_2"
}

map E2M4 lookup "HUSTR_E2M4"
{
	levelnum = 14
	next = "E2M5"
	secretnext = "E2M9"
	sky1 = "D1SKY2"
	cluster = 2
	par = 120
	music = "$MUSIC_E2M4"
	exitpic = "$IN_E2"
	enterpic = "$IN_E2"
	InterMusic = "D_INTER"
	BorderTexture = "FLOOR7_2"
}

map E2M5 lookup "HUSTR_E2M5"
{
	levelnum = 15
	next = "E2M6"
	secretnext = "E2M9"
	sky1 = "D1SKY2"
	cluster = 2
	par = 90
	music = "$MUSIC_E2M5"
	exitpic = "$IN_E2"
	enterpic = "$IN_E2"
	InterMusic = "D_INTER"
	BorderTexture = "FLOOR7_2"
}

map E2M6 lookup "HUSTR_E2M6"
{
	levelnum = 16
	next = "E2M7"
	secretnext = "E2M9"
	sky1 = "D1SKY2"
	cluster = 2
	par = 360
	music = "$MUSIC_E2M6"
	exitpic = "$IN_E2"
	enterpic = "$IN_E2"
	InterMusic = "D_INTER"
	BorderTexture = "FLOOR7_2"
}

map E2M7 lookup "HUSTR_E2M7"
{
	levelnum = 17
	next = "E2M8"
	secretnext = "E2M9"
	sky1 = "D1SKY2"
	cluster = 2
	par = 240
	music = "$MUSIC_E2M7"
	exitpic = "$IN_E2"
	enterpic = "$IN_E2"
	InterMusic = "D_INTER"
	BorderTexture = "FLOOR7_2"
}

map E2M8 lookup "HUSTR_E2M8"
{
	levelnum = 18
	next = "EndGame2"
	secretnext = "E2M9"
	sky1 = "D1SKY2"
	cluster = 2
	par = 30
	nointermission
	nosoundclipping
	cyberdemonspecial
	specialaction_exitlevel
	music = "$MUSIC_E2M8"
	exitpic = "$IN_E2"
	enterpic = "$IN_E2"
	InterMusic = "D_INTER"
	BorderTexture = "FLOOR7_2"
}

map E2M9 lookup "HUSTR_E2M9"
{
	levelnum = 19
	next = "E2M6"
	secretnext = "E2M6"
	sky1 = "D1SKY2"
	cluster = 2
	par = 170
	music = "$MUSIC_E2M9"
	exitpic = "$IN_E2"
	enterpic = "$IN_E2"
	InterMusic = "D_INTER"
	BorderTexture = "FLOOR7_2"
}

// Registered/Retail Episode 3

map E3M1 lookup "HUSTR_E3M1"
{
	levelnum = 21
	next = "E3M2"
	secretnext = "E3M9"
	sky1 = "D1SKY3"
	cluster = 3
	par = 90
	music = "$MUSIC_E3M1"
	exitpic = "$IN_E3"
	enterpic = "$IN_E3"
	InterMusic = "D_INTER"
	BorderTexture = "FLOOR7_2"
}

map E3M2 lookup "HUSTR_E3M2"
{
	levelnum = 22
	next = "E3M3"
	secretnext = "E3M9"
	sky1 = "D1SKY3"
	cluster = 3
	par = 45
	music = "$MUSIC_E3M2"
	exitpic = "$IN_E3"
	enterpic = "$IN_E3"
	InterMusic = "D_INTER"
	BorderTexture = "FLOOR7_2"
}

map E3M3 lookup "HUSTR_E3M3"
{
	levelnum = 23
	next = "E3M4"
	secretnext = "E3M9"
	sky1 = "D1SKY3"
	cluster = 3
	par = 90
	music = "$MUSIC_E3M3"
	exitpic = "$IN_E3"
	enterpic = "$IN_E3"
	InterMusic = "D_INTER"
	BorderTexture = "FLOOR7_2"
}

map E3M4 lookup "HUSTR_E3M4"
{
	levelnum = 24
	next = "E3M5"
	secretnext = "E3M9"
	sky1 = "D1SKY3"
	cluster = 3
	par = 150
	music = "$MUSIC_E3M4"
	exitpic = "$IN_E3"
	enterpic = "$IN_E3"
	InterMusic = "D_INTER"
	BorderTexture = "FLOOR7_2"
}

map E3M5 lookup "HUSTR_E3M5"
{
	levelnum = 25
	next = "E3M6"
	secretnext = "E3M9"
	sky1 = "D1SKY3"
	cluster = 3
	par = 90
	music = "$MUSIC_E3M5"
	exitpic = "$IN_E3"
	enterpic = "$IN_E3"
	InterMusic = "D_INTER"
	BorderTexture = "FLOOR7_2"
}

map E3M6 lookup "HUSTR_E3M6"
{
	levelnum = 26
	next = "E3M7"
	secretnext = "E3M9"
	sky1 = "D1SKY3"
	cluster = 3
	par = 90
	music = "$MUSIC_E3M6"
	exitpic = "$IN_E3"
	enterpic = "$IN_E3"
	InterMusic = "D_INTER"
	BorderTexture = "FLOOR7_2"
}

map E3M7 lookup "HUSTR_E3M7"
{
	levelnum = 27
	next = "E3M8"
	secretnext = "E3M9"
	sky1 = "D1SKY3"
	cluster = 3
	par = 165
	music = "$MUSIC_E3M7"
	exitpic = "$IN_E3"
	enterpic = "$IN_E3"
	InterMusic = "D_INTER"
	BorderTexture = "FLOOR7_2"
}

map E3M8 lookup "HUSTR_E3M8"
{
	levelnum = 28
	next = "endbunny"
	secretnext = "E3M9"
	sky1 = "D1SKY3"
	cluster = 3
	par = 30
	nointermission
	nosoundclipping
	spidermastermindspecial
	specialaction_exitlevel
	music = "$MUSIC_E3M8"
	exitpic = "$IN_E3"
	enterpic = "$IN_E3"
	InterMusic = "D_INTER"
	BorderTexture = "FLOOR7_2"
}

map E3M9 lookup "HUSTR_E3M9"
{
	levelnum = 29
	next = "E3M7"
	secretnext = "E3M7"
	sky1 = "D1SKY3"
	cluster = 3
	par = 135
	music = "$MUSIC_E3M9"
	exitpic = "$IN_E3"
	enterpic = "$IN_E3"
	InterMusic = "D_INTER"
	BorderTexture = "FLOOR7_2"
}


// Clusters (correspond with same-numbered episode)

cluster 1
{
	flat = "$bgflatE1"
	music = "D_VICTOR"
	exittext = lookup, "E1TEXT"
}

cluster 2
{
	flat = "$bgflatE2"
	music = "D_VICTOR"
	exittext = lookup, "E2TEXT"
}

cluster 3
{
	flat = "$bgflatE3"
	music = "D_VICTOR"
	exittext = lookup, "E3TEXT"
}

cluster 4
{
	flat = "$bgflatE4"
	music = "D_VICTOR"
	exittext = lookup, "E4TEXT"
}
