//Episode 4 - Ultimate Doom
//With ThyInterPic 

map E4M1 lookup "HUSTR_E4M1"
{
	levelnum = 31
	next = "E4M2"
	secretnext = "E4M9"
	sky1 = "SKY4"
	cluster = 4
	music = "$MUSIC_E3M4"
	InterMusic = "D_INTER"
	exitpic = "$IN_E4"
	enterpic = "$IN_E4"
	BorderTexture = "FLOOR7_2"
    par = 90
}

map E4M2 lookup "HUSTR_E4M2"
{
	levelnum = 32
	next = "E4M3"
	secretnext = "E4M9"
	sky1 = "SKY4"
	cluster = 4
	music = "$MUSIC_E3M2"
	InterMusic = "D_INTER"
	ExitPic = "$IN_E4"
	EnterPic = "$IN_E4"
	BorderTexture = "FLOOR7_2"
    par = 40
}

map E4M3 lookup "HUSTR_E4M3"
{
	levelnum = 33
	next = "E4M4"
	secretnext = "E4M9"
	sky1 = "SKY4"
	cluster = 4
	music = "$MUSIC_E3M3"
	InterMusic = "D_INTER"
	ExitPic = "$IN_E4"
	EnterPic = "$IN_E4"
	BorderTexture = "FLOOR7_2"
    par = 105 
}

map E4M4 lookup "HUSTR_E4M4"
{
	levelnum = 34
	next = "E4M5"
	secretnext = "E4M9"
	sky1 = "SKY4"
	cluster = 4
	music = "$MUSIC_E1M5"
	InterMusic = "D_INTER"
	ExitPic = "$IN_E4"
	EnterPic = "$IN_E4"
	BorderTexture = "FLOOR7_2"
    par = 80 
}

map E4M5 lookup "HUSTR_E4M5"
{
	levelnum = 35
	next = "E4M6"
	secretnext = "E4M9"
	sky1 = "SKY4"
	cluster = 4
	music = "$MUSIC_E2M7"
	InterMusic = "D_INTER"
	ExitPic = "$IN_E4"
	EnterPic = "$IN_E4"
	BorderTexture = "FLOOR7_2"
    par = 100
}

map E4M6 lookup "HUSTR_E4M6"
{
	levelnum = 36
	next = "E4M7"
	secretnext = "E4M9"
	sky1 = "SKY4"
	cluster = 4
	cyberdemonspecial
	specialaction_opendoor
	music = "$MUSIC_E2M4"
	InterMusic = "D_INTER"
	ExitPic = "$IN_E4"
	EnterPic = "$IN_E4"
	BorderTexture = "FLOOR7_2"
    par = 150 
}

map E4M7 lookup "HUSTR_E4M7"
{
	levelnum = 37
	next = "E4M8"
	secretnext = "E4M9"
	sky1 = "SKY4"
	cluster = 4
	music = "$MUSIC_E2M6"
	InterMusic = "D_INTER"
	ExitPic = "$IN_E4"
	EnterPic = "$IN_E4"
	BorderTexture = "FLOOR7_2"
    par = 75
}

map E4M8 lookup "HUSTR_E4M8"
{
	levelnum = 38
	next = "EndGame4"
	secretnext = "E4M9"
	sky1 = "SKY4"
	cluster = 4
	nointermission
	nosoundclipping
	spidermastermindspecial
	specialaction_lowerfloor
	music = "$MUSIC_E2M5"
	InterMusic = "D_INTER"
	ExitPic = "$IN_E4"
	EnterPic = "$IN_E4"
	BorderTexture = "FLOOR7_2"
    par = 100
}

map E4M9 lookup "HUSTR_E4M9"
{
	levelnum = 39
	next = "E4M3"
	secretnext = "E4M3"
	sky1 = "SKY4"
	cluster = 4
	music = "$MUSIC_E1M9"
	InterMusic = "D_INTER"
	ExitPic = "$IN_E4"
	EnterPic = "$IN_E4"
	BorderTexture = "FLOOR7_2"
    par = 90
}
