// MAPINFO for FreeDoom 2

episode FD201
{
	name = "Freedoom: Phase 2"
	key = "f"
}

map FD201 "MAP01 - Hydroelectric Plant"
{
	next = "FD202"
	secretnext = "FD202"
	sky1 = "FDSKY5"
	cluster = 90
	par = 30
	music = "F_RUNNIN"
	InterMusic = "F_DM2INT"
	ExitPic = "FNTERPIC"
	EnterPic = "FNTERPIC"
}

map FD202 "MAP02 - Filtration Tunnels"
{
	next = "FD203"
	secretnext = "FD203"
	sky1 = "FDSKY5"
	cluster = 90
	par = 90
	music = "F_STALKS"
	InterMusic = "F_DM2INT"
	ExitPic = "FNTERPIC"
	EnterPic = "FNTERPIC"
}

map FD203 "MAP03 - Crude Processing Center"
{
	next = "FD204"
	secretnext = "FD204"
	sky1 = "FDSKY5"
	cluster = 90
	par = 120
	music = "F_COUNTD"
	InterMusic = "F_DM2INT"
	ExitPic = "FNTERPIC"
	EnterPic = "FNTERPIC"
}

map FD204 "MAP04 - Containment Bay"
{
	next = "FD205"
	secretnext = "FD205"
	sky1 = "FDSKY5"
	cluster = 90
	par = 120
	music = "F_BETWEE"
	InterMusic = "F_DM2INT"
	ExitPic = "FNTERPIC"
	EnterPic = "FNTERPIC"
}

map FD205 "MAP05 - Sludge Burrow"
{
	next = "FD206"
	secretnext = "FD206"
	sky1 = "FDSKY5"
	cluster = 90
	par = 90
	music = "F_DOOM"
	InterMusic = "F_DM2INT"
	ExitPic = "FNTERPIC"
	EnterPic = "FNTERPIC"
}

map FD206 "MAP06 - Gamma Labs"
{
	next = "FD207"
	secretnext = "FD207"
	sky1 = "FDSKY5"
	cluster = 90
	par = 150
	sucktime = 1
	music = "F_THE_DA"
	InterMusic = "F_DM2INT"
	ExitPic = "FNTERPIC"
	EnterPic = "FNTERPIC"
}

map FD207 "MAP07 - Outer Storage Warehouse"
{
	next = "FD208"
	secretnext = "FD208"
	sky1 = "FDSKY5"
	cluster = 91
	par = 120
	map07special
	music = "F_SHAWN"
	InterMusic = "F_DM2INT"
	ExitPic = "FNTERPIC"
	EnterPic = "FNTERPIC"
}

map FD208 "MAP08 - Astronomy Complex"
{
	next = "FD209"
	secretnext = "FD209"
	sky1 = "FDSKY5"
	cluster = 91
	par = 120
	music = "F_DDTBLU"
	InterMusic = "F_DM2INT"
	ExitPic = "FNTERPIC"
	EnterPic = "FNTERPIC"
}

map FD209 "MAP09 - Datacenter"
{
	next = "FD210"
	secretnext = "FD210"
	sky1 = "FDSKY5"
	cluster = 91
	par = 270
	music = "F_IN_CIT"
	InterMusic = "F_DM2INT"
	ExitPic = "FNTERPIC"
	EnterPic = "FNTERPIC"
}

map FD210 "MAP10 - Deadly Outlands"
{
	next = "FD211"
	secretnext = "FD211"
	sky1 = "FDSKY5"
	cluster = 91
	par = 90
	music = "F_DEAD"
	InterMusic = "F_DM2INT"
	ExitPic = "FNTERPIC"
	EnterPic = "FNTERPIC"
}

map FD211 "MAP11 - Infinite Plain"
{
	next = "FD212"
	secretnext = "FD212"
	sky1 = "FDSKY5"
	cluster = 91
	par = 210
	music = "F_STLKS2"
	InterMusic = "F_DM2INT"
	ExitPic = "FNTERPIC"
	EnterPic = "FNTERPIC"
}

map FD212 "MAP12 - Railroads"
{
	next = "FD213"
	secretnext = "FD213"
	sky1 = "FDSKY6"
	cluster = 92
	par = 150
	music = "F_THEDA2"
	InterMusic = "F_DM2INT"
	ExitPic = "FNTERPIC"
	EnterPic = "FNTERPIC"
}

map FD213 "Station Earth"
{
	next = "FD214"
	secretnext = "FD214"
	sky1 = "FDSKY6"
	cluster = 92
	par = 150
	music = "F_DOOM2"
	InterMusic = "F_DM2INT"
	ExitPic = "FNTERPIC"
	EnterPic = "FNTERPIC"
}

map FD214 "MAP14 - Nuclear Zone"
{
	next = "FD215"
	secretnext = "FD215"
	sky1 = "FDSKY6"
	cluster = 92
	par = 150
	music = "F_DDTBL2"
	InterMusic = "F_DM2INT"
	ExitPic = "FNTERPIC"
	EnterPic = "FNTERPIC"
}

map FD215 "MAP15 - Hostile Takeover"
{
	next = "FD216"
	secretnext = "FD231"
	sky1 = "FDSKY6"
	cluster = 92
	par = 210
	music = "F_RUNNI2"
	InterMusic = "F_DM2INT"
	ExitPic = "FNTERPIC"
	EnterPic = "FNTERPIC"
}

map FD216 "MAP16 - Urban Jungle"
{
	next = "FD217"
	secretnext = "FD217"
	sky1 = "FDSKY6"
	cluster = 92
	par = 150
	music = "F_DEAD2"
	InterMusic = "F_DM2INT"
	ExitPic = "FNTERPIC"
	EnterPic = "FNTERPIC"
}

map FD217 "MAP17 - City Capitol"
{
	next = "FD218"
	secretnext = "FD218"
	sky1 = "FDSKY6"
	cluster = 92
	par = 420
	music = "F_STLKS3"
	InterMusic = "F_DM2INT"
	ExitPic = "FNTERPIC"
	EnterPic = "FNTERPIC"
}

map FD218 "MAP18 - Abandoned Monastery"
{
	next = "FD219"
	secretnext = "FD219"
	sky1 = "FDSKY6"
	cluster = 92
	par = 150
	music = "F_ROMERO"
	InterMusic = "F_DM2INT"
	ExitPic = "FNTERPIC"
	EnterPic = "FNTERPIC"
}

map FD219 "MAP19 - Sewage Control"
{
	next = "FD220"
	secretnext = "FD220"
	sky1 = "FDSKY6"
	cluster = 92
	par = 210
	music = "F_SHAWN2"
	InterMusic = "F_DM2INT"
	ExitPic = "FNTERPIC"
	EnterPic = "FNTERPIC"
}

map FD220 "MAP20 - Blood Ember Fortress"
{
	next = "FD221"
	secretnext = "FD221"
	sky1 = "FDSKY6"
	cluster = 92
	par = 150
	music = "F_MESSAG"
	InterMusic = "F_DM2INT"
	ExitPic = "FNTERPIC"
	EnterPic = "FNTERPIC"
}

map FD221 "MAP21 - Under Realm"
{
	next = "FD222"
	secretnext = "FD222"
	sky1 = "FDSKY7"
	cluster = 93
	par = 240
	music = "F_COUNT2"
	InterMusic = "F_DM2INT"
	ExitPic = "FNTERPIC"
	EnterPic = "FNTERPIC"
}

map FD222 "MAP22 - Remanasu"
{
	next = "FD223"
	secretnext = "FD223"
	sky1 = "FDSKY7"
	cluster = 93
	par = 150
	music = "F_DDTBL3"
	InterMusic = "F_DM2INT"
	ExitPic = "FNTERPIC"
	EnterPic = "FNTERPIC"
}

map FD223 "MAP23 - Underground Facility"
{
	next = "FD224"
	secretnext = "FD224"
	sky1 = "FDSKY7"
	cluster = 93
	par = 180
	music = "F_AMPIE"
	InterMusic = "F_DM2INT"
	ExitPic = "FNTERPIC"
	EnterPic = "FNTERPIC"
}

map FD224 "MAP24 - Tertiary Loading Bay"
{
	next = "FD225"
	secretnext = "FD225"
	sky1 = "FDSKY7"
	cluster = 93
	par = 150
	music = "F_THEDA3"
	InterMusic = "F_DM2INT"
	ExitPic = "FNTERPIC"
	EnterPic = "FNTERPIC"
}

map FD225 "MAP25 - Red Works"
{
	next = "FD226"
	secretnext = "FD226"
	sky1 = "FDSKY7"
	cluster = 93
	par = 150
	music = "F_ADRIAN"
	InterMusic = "F_DM2INT"
	ExitPic = "FNTERPIC"
	EnterPic = "FNTERPIC"
}

map FD226 "MAP26 - Dark Depths"
{
	next = "FD227"
	secretnext = "FD227"
	sky1 = "FDSKY7"
	cluster = 93
	par = 300
	music = "F_MESSG2"
	InterMusic = "F_DM2INT"
	ExitPic = "FNTERPIC"
	EnterPic = "FNTERPIC"
}

map FD227 "MAP27 - Warped Elementality"
{
	next = "FD228"
	secretnext = "FD228"
	sky1 = "FDSKY7"
	cluster = 93
	par = 330
	music = "F_ROMER2"
	InterMusic = "F_DM2INT"
	ExitPic = "FNTERPIC"
	EnterPic = "FNTERPIC"
}

map FD228 "MAP28 - Grim Redoubt"
{
	next = "FD229"
	secretnext = "FD229"
	sky1 = "FDSKY7"
	cluster = 93
	par = 420
	music = "F_TENSE"
	InterMusic = "F_DM2INT"
	ExitPic = "FNTERPIC"
	EnterPic = "FNTERPIC"
}

map FD229 "MAP29 - Last Stand"
{
	next = "FD230"
	secretnext = "FD230"
	sky1 = "FDSKY7"
	cluster = 93
	par = 300
	music = "F_SHAWN3"
	InterMusic = "F_DM2INT"
	ExitPic = "FNTERPIC"
	EnterPic = "FNTERPIC"
}

map FD230 "MAP30 - Jaws of Defeat"
{
	next = "EndGameC"
	secretnext = "EndGameC"
	sky1 = "FDSKY7"
	cluster = 93
	par = 180
	allowmonstertelefrags
	music = "F_OPENIN"
	InterMusic = "F_DM2INT"
	ExitPic = "FNTERPIC"
	EnterPic = "FNTERPIC"
}

map FD231 "MAP31 - Be Quiet"
{
	next = "FD216"
	secretnext = "FD232"
	sky1 = "FDSKY7"
	cluster = 94
	par = 120
	music = "F_EVIL"
	InterMusic = "F_DM2INT"
	ExitPic = "FNTERPIC"
	EnterPic = "FNTERPIC"
}

map FD232 "MAP32 - Not Sure"
{
	next = "FD216"
	secretnext = "FD216"
	sky1 = "FDSKY7"
	cluster = 95
	par = 30
	music = "F_ULTIMA"
	InterMusic = "F_DM2INT"
	ExitPic = "FNTERPIC"
	EnterPic = "FNTERPIC"
}

// DOOM II first cluster (up thru level 6)

cluster 90
{
	flat = "$BGFLAT06"
	exittext = lookup, "C1TEXT"
	music = "F_READ_ME"
}

// DOOM II second cluster (up thru level 11)

cluster 91
{
	flat = "$BGFLAT11"
	exittext = lookup, "C2TEXT"
	music = "F_READ_ME"

}

// DOOM II third cluster (up thru level 20)

cluster 92
{
	flat = "$BGFLAT20"
	exittext = lookup, "C3TEXT"
	music = "F_READ_ME"
}

// DOOM II fourth cluster (up thru level 30)

cluster 93
{
	flat = "$BGFLAT30"
	exittext = lookup, "C4TEXT"
	music = "F_READ_ME"
}

// DOOM II fifth cluster (level 31)

cluster 94
{
	flat = "$BGFLAT15"
	entertext = lookup, "C5TEXT"
	music = "F_READ_ME"
}

// DOOM II sixth cluster (level 32)

cluster 95
{
	flat = "$BGFLAT31"
	entertext = lookup, "C6TEXT"
	music = "F_READ_ME"
}
