Texture "FDMC2", 64, 128
{
	Patch "FDMC2", 0, 0
}

Texture "FDAROCK2", 128, 128
{
	Patch "FDAROCK2", 0, 0
}

Texture "FDAROCK3", 128, 128
{
	Patch "FDAROCK3", 0, 0
}

Texture "FDAROCK4", 128, 128
{
	Patch "FDAROCK4", 0, 0
}

Texture "FDAROCK5", 128, 128
{
	Patch "FDAROCK5", 0, 0
}

Texture "FDSKY1", 256, 128
{
	Patch "FDSKY1", 0, 0
}

Texture "FDSKY2", 256, 128
{
	Patch "FDSKY2", 0, 0
}

Texture "FDSKY3", 256, 128
{
	Patch "FDSKY3", 0, 0
}

Texture "FDSKY4", 1024, 128
{
	Patch "FDSKY4A", 0, 0
	Patch "FDSKY4A", 256, 0
	Patch "FDSKY4B", 512, 0
	Patch "FDSKY4A", 768, 0
}

Texture "FDSKY5", 256, 128
{
	Patch "FDSKY5", 0, 0
}

Texture "FDSKY6", 256, 128
{
	Patch "FDSKY6", 0, 0
}

Texture "FDSKY7", 256, 128
{
	Patch "FDSKY7", 0, 0
}

Texture "AQCONC01", 64, 128
{
	Patch "AQCONC01", 0, 0
	Patch "AQCONC01", 0, 64
}

Texture "AQCONC02", 128, 128
{
	Patch "AQCONC02", 0, 0
}

Texture "AQCONC03", 128, 128
{
	Patch "AQCONC03", 0, 0
}

Texture "AQCONC04", 128, 128
{
	Patch "AQCONC04", 0, 0
}

Texture "AQCONC05", 64, 128
{
	Patch "AQCONC05", 0, 0
}

Texture "AQCONC06", 64, 128
{
	Patch "AQCONC06", 0, 0
	Patch "AQCONC06", 0, 64
}

Texture "AQCONC07", 64, 128
{
	Patch "AQCONC07", 0, 0
	Patch "AQCONC07", 0, 64
}

Texture "AQCONC08", 64, 128
{
	Patch "AQCONC08", 0, 0
	Patch "AQCONC08", 0, 64
}

Texture "AQCONC09", 64, 128
{
	Patch "AQCONC09", 0, 0
	Patch "AQCONC09", 0, 64
}

Texture "AQCONC10", 64, 128
{
	Patch "AQCONC10", 0, 0
	Patch "AQCONC10", 0, 64
}

Texture "AQCONC11", 64, 128
{
	Patch "AQCONC11", 0, 0
	Patch "AQCONC11", 0, 64
}

Texture "AQCONC12", 64, 128
{
	Patch "AQCONC12", 0, 0
	Patch "AQCONC12", 0, 64
}

Texture "AQCONC13", 128, 128
{
	Patch "AQCONC13", 0, 0
}

Texture "AQCONC14", 128, 128
{
	Patch "AQCONC14", 0, 0
}

Texture "AQCONC15", 128, 128
{
	Patch "AQCONC15", 0, 0
}

Texture "AQCONC16", 128, 128
{
	Patch "AQCONC16", 0, 0
}

Texture "AQCONC17", 64, 128
{
	Patch "AQCONC17", 0, 0
	Patch "AQCONC17", 0, 64
}

Texture "AQCONC18", 64, 128
{
	Patch "AQCONC18", 0, 0
	Patch "AQCONC18", 0, 64
}

Texture "AQDOOR01", 128, 128
{
	Patch "AQDOOR01", 0, 0
}

Texture "AQDOOR02", 128, 128
{
	Patch "AQDOOR02", 0, 0
}

Texture "AQLITE01", 64, 128
{
	Patch "AQLITE01", 0, 0
	Patch "AQLITE01", 0, 64
}

Texture "AQLITE02", 64, 128
{
	Patch "AQLITE02", 0, 0
	Patch "AQLITE02", 0, 64
}

Texture "AQLITE03", 64, 128
{
	Patch "AQLITE03", 0, 0
	Patch "AQLITE03", 0, 64
}

Texture "AQLITE04", 64, 128
{
	Patch "AQLITE04", 0, 0
	Patch "AQLITE04", 0, 64
}

Texture "AQLITE05", 64, 128
{
	Patch "AQLITE05", 0, 0
	Patch "AQLITE05", 0, 64
}

Texture "AQLITE06", 64, 128
{
	Patch "AQLITE06", 0, 0
	Patch "AQLITE06", 0, 64
}

Texture "AQLITE07", 64, 128
{
	Patch "AQLITE07", 0, 0
	Patch "AQLITE07", 0, 64
}

Texture "AQLITE08", 64, 128
{
	Patch "AQLITE08", 0, 0
	Patch "AQLITE08", 0, 64
}

Texture "AQLITE09", 64, 128
{
	Patch "AQLITE09", 0, 0
	Patch "AQLITE09", 0, 64
}

Texture "AQLITE10", 64, 128
{
	Patch "AQLITE10", 0, 0
	Patch "AQLITE10", 0, 64
}

Texture "AQLITE11", 64, 128
{
	Patch "AQLITE11", 0, 0
	Patch "AQLITE11", 0, 64
}

Texture "AQLITE12", 64, 128
{
	Patch "AQLITE12", 0, 0
	Patch "AQLITE12", 0, 64
}

Texture "AQLITE13", 64, 128
{
	Patch "AQLITE13", 0, 0
	Patch "AQLITE13", 0, 64
}

Texture "AQLITE14", 64, 128
{
	Patch "AQLITE14", 0, 0
	Patch "AQLITE14", 0, 64
}

Texture "AQLITE15", 64, 128
{
	Patch "AQLITE15", 0, 0
	Patch "AQLITE15", 0, 64
}

Texture "AQLITE16", 64, 128
{
	Patch "AQLITE16", 0, 0
	Patch "AQLITE16", 0, 64
}

Texture "AQLITE17", 64, 128
{
	Patch "AQLITE17", 0, 0
	Patch "AQLITE17", 0, 64
}

Texture "AQLITE18", 64, 128
{
	Patch "AQLITE18", 0, 0
	Patch "AQLITE18", 0, 64
}

Texture "AQLITE19", 64, 128
{
	Patch "AQLITE19", 0, 0
	Patch "AQLITE19", 0, 64
}

Texture "AQLITE20", 64, 128
{
	Patch "AQLITE20", 0, 0
	Patch "AQLITE20", 0, 64
}

Texture "AQLITE21", 64, 128
{
	Patch "AQLITE21", 0, 0
	Patch "AQLITE21", 0, 64
}

Texture "AQLITE22", 64, 128
{
	Patch "AQLITE22", 0, 0
	Patch "AQLITE22", 0, 64
}

Texture "AQLITE23", 64, 128
{
	Patch "AQLITE23", 0, 0
	Patch "AQLITE23", 0, 64
}

Texture "AQLITE24", 64, 128
{
	Patch "AQLITE24", 0, 0
	Patch "AQLITE24", 0, 64
}

Texture "AQLITE25", 64, 128
{
	Patch "AQLITE25", 0, 0
	Patch "AQLITE25", 0, 64
}

Texture "AQMETL01", 64, 128
{
	Patch "AQMETL01", 0, 0
	Patch "AQMETL01", 0, 64
}

Texture "AQMETL02", 64, 128
{
	Patch "AQMETL02", 0, 0
}

Texture "AQMETL03", 128, 128
{
	Patch "AQMETL03", 0, 0
}

Texture "AQMETL04", 128, 128
{
	Patch "AQMETL04", 0, 0
}

Texture "AQMETL05", 128, 128
{
	Patch "AQMETL05", 0, 0
}

Texture "AQMETL06", 128, 128
{
	Patch "AQMETL06", 0, 0
}

Texture "AQMETL07", 64, 128
{
	Patch "AQMETL07", 0, 0
}

Texture "AQMETL08", 64, 128
{
	Patch "AQMETL08", 0, 0
}

Texture "AQMETL09", 64, 128
{
	Patch "AQMETL09", 0, 0
}

Texture "AQMETL10", 64, 128
{
	Patch "AQMETL10", 0, 0
}

Texture "AQMETL11", 64, 128
{
	Patch "AQMETL11", 0, 0
}

Texture "AQMETL12", 64, 128
{
	Patch "AQMETL12", 0, 0
}

Texture "AQMETL13", 128, 128
{
	Patch "AQMETL13", 0, 0
}

Texture "AQMETL14", 128, 128
{
	Patch "AQMETL14", 0, 0
}

Texture "AQMETL15", 64, 128
{
	Patch "AQMETL15", 0, 0
}

Texture "AQMETL16", 64, 128
{
	Patch "AQMETL16", 0, 0
}

Texture "AQMETL17", 64, 128
{
	Patch "AQMETL17", 0, 0
}

Texture "AQMETL18", 64, 128
{
	Patch "AQMETL18", 0, 0
}

Texture "AQMETL19", 64, 128
{
	Patch "AQMETL19", 0, 0
}

Texture "AQMETL20", 64, 128
{
	Patch "AQMETL20", 0, 0
	Patch "AQMETL20", 0, 64
}

Texture "AQMETL21", 64, 128
{
	Patch "AQMETL21", 0, 0
}

Texture "AQMETL22", 64, 128
{
	Patch "AQMETL22", 0, 0
}

Texture "AQMETL23", 64, 128
{
	Patch "AQMETL23", 0, 0
}

Texture "AQMETL24", 64, 128
{
	Patch "AQMETL24", 0, 0
}

Texture "AQMETL25", 64, 128
{
	Patch "AQMETL25", 0, 0
}

Texture "AQMETL26", 64, 128
{
	Patch "AQMETL26", 0, 0
}

Texture "AQMETL27", 64, 128
{
	Patch "AQMETL27", 0, 0
}

Texture "AQMETL28", 64, 128
{
	Patch "AQMETL28", 0, 0
	Patch "AQMETL28", 0, 64
}

Texture "AQMETL29", 64, 64
{
	Patch "AQMETL29", 0, 0
}

Texture "AQMETL30", 64, 128
{
	Patch "AQMETL30", 0, 0
	Patch "AQMETL30", 0, 64
}

Texture "AQMETL31", 64, 64
{
	Patch "AQMETL31", 0, 0
}

Texture "AQMETL32", 64, 128
{
	Patch "AQMETL32", 0, 0
	Patch "AQMETL32", 0, 64
}

Texture "AQMETL33", 64, 128
{
	Patch "AQMETL33", 0, 0
	Patch "AQMETL33", 0, 64
}

Texture "AQPANL01", 128, 128
{
	Patch "AQPANL01", 0, 0
}

Texture "AQPANL02", 128, 128
{
	Patch "AQPANL02", 0, 0
}

Texture "AQPANL03", 128, 128
{
	Patch "AQPANL03", 0, 0
}

Texture "AQPANL04", 128, 128
{
	Patch "AQPANL04", 0, 0
}

Texture "AQPANL05", 128, 128
{
	Patch "AQPANL05", 0, 0
	Patch "AQPANL05", 0, 64
}

Texture "AQPANL06", 128, 128
{
	Patch "AQPANL06", 0, 0
	Patch "AQPANL06", 0, 64
}

Texture "AQPANL07", 128, 128
{
	Patch "AQPANL07", 0, 0
	Patch "AQPANL07", 0, 64
}

Texture "AQPANL08", 64, 128
{
	Patch "AQPANL08", 0, 0
}

Texture "AQPANL09", 64, 128
{
	Patch "AQPANL09", 0, 0
}

Texture "AQPANL10", 64, 128
{
	Patch "AQPANL10", 0, 0
}

Texture "AQPIPE01", 64, 128
{
	Patch "AQPIPE01", 0, 0
}

Texture "AQPIPE02", 64, 128
{
	Patch "AQPIPE02", 0, 0
}

Texture "AQPIPE03", 64, 128
{
	Patch "AQPIPE03", 0, 0
}

Texture "AQPIPE04", 64, 128
{
	Patch "AQPIPE04", 0, 0
}

Texture "AQPIPE05", 64, 128
{
	Patch "AQPIPE05", 0, 0
}

Texture "AQPIPE08", 64, 128
{
	Patch "AQPIPE08", 0, 0
}

Texture "AQPIPE09", 128, 128
{
	Patch "AQPIPE09", 0, 0
}

Texture "AQPIPE10", 128, 128
{
	Patch "AQPIPE10", 0, 0
}

Texture "AQPIPE11", 128, 128
{
	Patch "AQPIPE11", 0, 0
}

Texture "AQPIPE12", 128, 128
{
	Patch "AQPIPE12", 0, 0
}

Texture "AQPIPE13", 128, 128
{
	Patch "AQPIPE13", 0, 0
}

Texture "AQPIPE14", 128, 128
{
	Patch "AQPIPE14", 0, 0
}

Texture "AQRUST01", 64, 128
{
	Patch "AQRUST01", 0, 0
	Patch "AQRUST01", 0, 64
}

Texture "AQRUST02", 64, 128
{
	Patch "AQRUST02", 0, 0
}

Texture "AQRUST03", 64, 128
{
	Patch "AQRUST03", 0, 0
}

Texture "AQRUST04", 64, 128
{
	Patch "AQRUST04", 0, 0
}

Texture "AQRUST05", 128, 128
{
	Patch "AQRUST05", 0, 0
}

Texture "AQRUST06", 128, 128
{
	Patch "AQRUST06", 0, 0
}

Texture "AQRUST07", 128, 128
{
	Patch "AQRUST07", 0, 0
}

Texture "AQRUST08", 128, 128
{
	Patch "AQRUST08", 0, 0
}

Texture "AQRUST09", 64, 128
{
	Patch "AQRUST09", 0, 0
}

Texture "AQRUST10", 64, 128
{
	Patch "AQRUST10", 0, 0
}

Texture "AQSUPP01", 32, 128
{
	Patch "AQSUPP01", 0, 0
}

Texture "AQSUPP02", 128, 128
{
	Patch "AQSUPP02", 0, 0
}

Texture "AQSUPP03", 64, 128
{
	Patch "AQSUPP03", 0, 0
}

Texture "AQSUPP04", 16, 128
{
	Patch "AQSUPP04", 0, 0
}

Texture "AQSUPP05", 16, 128
{
	Patch "AQSUPP05", 0, 0
}

Texture "AQSUPP06", 16, 128
{
	Patch "AQSUPP06", 0, 0
}

Texture "AQSUPP07", 16, 128
{
	Patch "AQSUPP07", 0, 0
}

Texture "AQSUPP08", 32, 128
{
	Patch "AQSUPP08", 0, 0
}

Texture "AQSUPP09", 64, 128
{
	Patch "AQSUPP09", 0, 0
}

Texture "AQSUPP10", 16, 128
{
	Patch "AQSUPP10", 0, 0
}

Texture "AQSUPP11", 16, 128
{
	Patch "AQSUPP11", 0, 0
}

Texture "AQSUPP12", 64, 128
{
	Patch "AQSUPP12", 0, 0
	Patch "AQSUPP12", 0, 64
}

Texture "AQTRIM01", 128, 128
{
	Patch "AQTRIM01", 0, 0
	Patch "AQTRIM01", 0, 16
	Patch "AQTRIM01", 0, 32
	Patch "AQTRIM01", 0, 48
	Patch "AQTRIM01", 0, 64
	Patch "AQTRIM01", 0, 80
	Patch "AQTRIM01", 0, 96
	Patch "AQTRIM01", 0, 112
}

Texture "AQTRIM02", 128, 128
{
	Patch "AQTRIM02", 0, 0
	Patch "AQTRIM02", 0, 16
	Patch "AQTRIM02", 0, 32
	Patch "AQTRIM02", 0, 48
	Patch "AQTRIM02", 0, 64
	Patch "AQTRIM02", 0, 80
	Patch "AQTRIM02", 0, 96
	Patch "AQTRIM02", 0, 112
}

Texture "AQTRIM03", 128, 128
{
	Patch "AQTRIM03", 0, 0
	Patch "AQTRIM03", 0, 8
	Patch "AQTRIM03", 0, 16
	Patch "AQTRIM03", 0, 24
	Patch "AQTRIM03", 0, 32
	Patch "AQTRIM03", 0, 40
	Patch "AQTRIM03", 0, 48
	Patch "AQTRIM03", 0, 56
	Patch "AQTRIM03", 0, 64
	Patch "AQTRIM03", 0, 72
	Patch "AQTRIM03", 0, 80
	Patch "AQTRIM03", 0, 88
	Patch "AQTRIM03", 0, 96
	Patch "AQTRIM03", 0, 104
	Patch "AQTRIM03", 0, 112
}

Texture "AQTRIM04", 128, 128
{
	Patch "AQTRIM04", 0, 0
	Patch "AQTRIM04", 0, 16
	Patch "AQTRIM04", 0, 32
	Patch "AQTRIM04", 0, 48
	Patch "AQTRIM04", 0, 64
	Patch "AQTRIM04", 0, 80
	Patch "AQTRIM04", 0, 96
	Patch "AQTRIM04", 0, 112
}

Texture "AQTRIM05", 128, 128
{
	Patch "AQTRIM05", 0, 0
	Patch "AQTRIM05", 0, 8
	Patch "AQTRIM05", 0, 16
	Patch "AQTRIM05", 0, 24
	Patch "AQTRIM05", 0, 32
	Patch "AQTRIM05", 0, 40
	Patch "AQTRIM05", 0, 48
	Patch "AQTRIM05", 0, 56
	Patch "AQTRIM05", 0, 64
	Patch "AQTRIM05", 0, 72
	Patch "AQTRIM05", 0, 80
	Patch "AQTRIM05", 0, 88
	Patch "AQTRIM05", 0, 96
	Patch "AQTRIM05", 0, 104
	Patch "AQTRIM05", 0, 112
}

Texture "AQTRIM06", 128, 128
{
	Patch "AQTRIM06", 0, 0
	Patch "AQTRIM06", 0, 64
}

Texture "AQTRIM07", 128, 128
{
	Patch "AQTRIM07", 0, 0
	Patch "AQTRIM07", 0, 64
}

Texture "AQTRIM08", 64, 128
{
	Patch "AQTRIM08", 0, 0
	Patch "AQTRIM08", 0, 16
	Patch "AQTRIM08", 0, 32
	Patch "AQTRIM08", 0, 48
	Patch "AQTRIM08", 0, 64
	Patch "AQTRIM08", 0, 80
	Patch "AQTRIM08", 0, 96
	Patch "AQTRIM08", 0, 112
}

Texture "AQDIRT01", 64, 128
{
	Patch "AQDIRT01", 0, 0
}

Texture "AQDIRT02", 64, 128
{
	Patch "AQDIRT02", 0, 0
	Patch "AQDIRT02", 0, 64
}

Texture "AQDIRT03", 128, 128
{
	Patch "AQDIRT03", 0, 0
}

Texture "AQBRIK01", 64, 128
{
	Patch "AQBRIK01", 0, 0
	Patch "AQBRIK01", 0, 64
}

Texture "AQBRIK02", 64, 128
{
	Patch "AQBRIK02", 0, 0
	Patch "AQBRIK02", 0, 64
}

Texture "AQBRIK03", 64, 128
{
	Patch "AQBRIK03", 0, 0
	Patch "AQBRIK03", 0, 64
}

Texture "AQSECT01", 128, 128
{
	Patch "AQSECT01", 0, 0
}

Texture "AQSECT02", 64, 128
{
	Patch "AQSECT02", 0, 0
}

Texture "AQSECT03", 64, 128
{
	Patch "AQSECT03", 0, 0
}

Texture "AQSECT04", 128, 128
{
	Patch "AQSECT04", 0, 0
}

Texture "AQSECT05", 128, 128
{
	Patch "AQSECT05", 0, 0
}

Texture "AQSECT06", 64, 128
{
	Patch "AQSECT06", 0, 0
}

Texture "AQSECT07", 64, 128
{
	Patch "AQSECT07", 0, 0
}

Texture "AQSECT08", 128, 128
{
	Patch "AQSECT08", 0, 0
}

Texture "AQSECT09", 128, 128
{
	Patch "AQSECT09", 0, 0
}

Texture "AQSECT10", 128, 128
{
	Patch "AQSECT10", 0, 0
}

Texture "AQSECT11", 128, 128
{
	Patch "AQSECT11", 0, 0
}

Texture "AQSECT12", 128, 128
{
	Patch "AQSECT12", 0, 0
}

Texture "AQSECT13", 128, 128
{
	Patch "AQSECT13", 0, 0
}

Texture "AQSECT14", 128, 128
{
	Patch "AQSECT14", 0, 0
}

Texture "AQSECT15", 128, 128
{
	Patch "AQSECT15", 0, 0
}

Texture "AQSECT16", 128, 128
{
	Patch "AQSECT16", 0, 0
}

Texture "AQCOMP01", 256, 128
{
	Patch "AQCOMP01", 0, 0
}

Texture "AQTILE01", 64, 128
{
	Patch "AQTILE01", 0, 0
	Patch "AQTILE01", 0, 64
}

Texture "AQTILE02", 64, 128
{
	Patch "AQTILE02", 0, 0
	Patch "AQTILE02", 0, 64
}

Texture "AQTILE03", 64, 128
{
	Patch "AQTILE03", 0, 0
	Patch "AQTILE03", 0, 64
}

Texture "AMOD1", 64, 128
{
	Patch "AMOD1", 0, 0
}

Texture "SHAWN01", 128, 128
{
	Patch "SHAWN01", 0, 0
}

Texture "SHAWN02", 128, 128
{
	Patch "SHAWN02", 0, 0
}

Texture "SHAWN03", 128, 128
{
	Patch "SHAWN03", 0, 0
}

Texture "MOD1", 64, 128
{
	Patch "MOD1", 0, 0
}

Texture "MOD2", 128, 128
{
	Patch "MOD2", 0, 0
}

Texture "MOD3", 64, 128
{
	Patch "MOD3", 0, 0
}

Texture "MOD4", 64, 128
{
	Patch "MOD4", 0, 0
}

Texture "MOD5", 64, 128
{
	Patch "MOD5", 0, 0
}

Texture "DEXAL", 128, 128
{
	Patch "DEXAL", 0, 0
}

Texture "BASE", 128, 128
{
	Patch "BASE", 0, 0
}

Texture "BASE2", 128, 128
{
	Patch "BASE2", 0, 0
}

Texture "BASE3", 128, 128
{
	Patch "BASE3", 0, 0
}

Texture "GLASS2B", 64, 96
{
	Patch "GLASS2B", 0, 0
}

Texture "GLASS1B", 64, 96
{
	Patch "GLASS1B", 0, 0
}

Texture "GLASS2", 64, 96
{
	Patch "GLASS2", 0, 0
}

Texture "GLASS1", 64, 96
{
	Patch "GLASS1", 0, 0
}

Texture "PDUMMY", 64, 128
{
	Patch "PDUMMY", 0, 0
}

Texture "SW1PSKUL", 64, 64
{
	Patch "SW1SKULL", 0, 0
}

Texture "SW2PSKUL", 64, 64
{
	Patch "SW2SKULL", 0, 0
}

Texture "EXITSGN2", 64, 16
{
	Patch "EXIT_RED", 0, 0
	Patch "EXIT_GRN", 32, 0
}

Texture "DLEVSIGN", 128, 128
{
	Patch "AG128_2", 0, 70
	Patch "AG128_2", 64, 70
	Patch "DLEVSIGN", 0, 0
}
